{"contracts\\NftMarketplace.sol":{"l":{"51":8,"52":8,"53":0,"55":8,"63":8,"64":8,"65":8,"66":0,"68":8,"72":5,"73":5,"74":1,"76":4,"88":8,"89":1,"91":7,"92":7,"93":0,"95":7,"96":7,"105":4,"106":4,"107":1,"114":3,"117":3,"119":3,"124":3,"132":0,"133":0,"146":0,"147":0,"149":0,"150":0,"154":0,"155":0,"156":0,"158":0,"159":0,"160":0,"172":1,"176":2},"path":"C:\\Users\\mishr\\OneDrive\\Desktop\\nftMarketplace\\backend\\contracts\\NftMarketplace.sol","s":{"1":8,"2":8,"3":8,"4":8,"5":8,"6":5,"7":5,"8":8,"9":7,"10":7,"11":7,"12":4,"13":4,"14":3,"15":3,"16":0,"17":0,"18":0,"19":0,"20":0,"21":0,"22":0,"23":1,"24":2},"b":{"1":[0,8],"2":[0,8],"3":[1,4],"4":[8,0],"5":[8,0],"6":[1,7],"7":[0,7],"8":[4,1],"9":[1,3],"10":[0,0],"11":[0,0],"12":[0,0],"13":[0,0],"14":[0,0],"15":[0,0],"16":[0,0]},"f":{"1":8,"2":8,"3":5,"4":8,"5":4,"6":0,"7":0,"8":0,"9":1,"10":2},"fnMap":{"1":{"name":"notListed","line":46,"loc":{"start":{"line":46,"column":4},"end":{"line":56,"column":4}}},"2":{"name":"isOwner","line":58,"loc":{"start":{"line":58,"column":4},"end":{"line":69,"column":4}}},"3":{"name":"isListed","line":71,"loc":{"start":{"line":71,"column":4},"end":{"line":77,"column":4}}},"4":{"name":"listItem","line":86,"loc":{"start":{"line":79,"column":4},"end":{"line":97,"column":4}}},"5":{"name":"buyItem","line":103,"loc":{"start":{"line":100,"column":4},"end":{"line":125,"column":4}}},"6":{"name":"cancelListing","line":130,"loc":{"start":{"line":127,"column":4},"end":{"line":134,"column":4}}},"7":{"name":"updateListing","line":143,"loc":{"start":{"line":136,"column":4},"end":{"line":151,"column":4}}},"8":{"name":"withdrawProceeds","line":153,"loc":{"start":{"line":153,"column":4},"end":{"line":161,"column":4}}},"9":{"name":"getListing","line":167,"loc":{"start":{"line":167,"column":4},"end":{"line":173,"column":4}}},"10":{"name":"getProceeds","line":175,"loc":{"start":{"line":175,"column":4},"end":{"line":177,"column":4}}}},"statementMap":{"1":{"start":{"line":51,"column":8},"end":{"line":51,"column":64}},"2":{"start":{"line":52,"column":8},"end":{"line":52,"column":1461}},"3":{"start":{"line":63,"column":8},"end":{"line":63,"column":41}},"4":{"start":{"line":64,"column":8},"end":{"line":64,"column":44}},"5":{"start":{"line":65,"column":8},"end":{"line":65,"column":1802}},"6":{"start":{"line":72,"column":8},"end":{"line":72,"column":64}},"7":{"start":{"line":73,"column":8},"end":{"line":73,"column":2044}},"8":{"start":{"line":88,"column":8},"end":{"line":88,"column":2415}},"9":{"start":{"line":91,"column":8},"end":{"line":91,"column":41}},"10":{"start":{"line":92,"column":8},"end":{"line":92,"column":2557}},"11":{"start":{"line":96,"column":8},"end":{"line":96,"column":63}},"12":{"start":{"line":105,"column":8},"end":{"line":105,"column":67}},"13":{"start":{"line":106,"column":8},"end":{"line":106,"column":3121}},"14":{"start":{"line":119,"column":8},"end":{"line":119,"column":3496}},"15":{"start":{"line":124,"column":8},"end":{"line":124,"column":74}},"16":{"start":{"line":133,"column":8},"end":{"line":133,"column":58}},"17":{"start":{"line":146,"column":8},"end":{"line":146,"column":4368}},"18":{"start":{"line":150,"column":8},"end":{"line":150,"column":66}},"19":{"start":{"line":154,"column":8},"end":{"line":154,"column":49}},"20":{"start":{"line":155,"column":8},"end":{"line":155,"column":4702}},"21":{"start":{"line":159,"column":8},"end":{"line":159,"column":72}},"22":{"start":{"line":160,"column":8},"end":{"line":160,"column":42}},"23":{"start":{"line":172,"column":8},"end":{"line":172,"column":46}},"24":{"start":{"line":176,"column":8},"end":{"line":176,"column":33}}},"branchMap":{"1":{"line":52,"type":"if","locations":[{"start":{"line":52,"column":8},"end":{"line":52,"column":8}},{"start":{"line":52,"column":8},"end":{"line":52,"column":8}}]},"2":{"line":65,"type":"if","locations":[{"start":{"line":65,"column":8},"end":{"line":65,"column":8}},{"start":{"line":65,"column":8},"end":{"line":65,"column":8}}]},"3":{"line":73,"type":"if","locations":[{"start":{"line":73,"column":8},"end":{"line":73,"column":8}},{"start":{"line":73,"column":8},"end":{"line":73,"column":8}}]},"4":{"line":85,"type":"if","locations":[{"start":{"line":85,"column":8},"end":{"line":85,"column":8}},{"start":{"line":85,"column":8},"end":{"line":85,"column":8}}]},"5":{"line":86,"type":"if","locations":[{"start":{"line":86,"column":8},"end":{"line":86,"column":8}},{"start":{"line":86,"column":8},"end":{"line":86,"column":8}}]},"6":{"line":88,"type":"if","locations":[{"start":{"line":88,"column":8},"end":{"line":88,"column":8}},{"start":{"line":88,"column":8},"end":{"line":88,"column":8}}]},"7":{"line":92,"type":"if","locations":[{"start":{"line":92,"column":8},"end":{"line":92,"column":8}},{"start":{"line":92,"column":8},"end":{"line":92,"column":8}}]},"8":{"line":103,"type":"if","locations":[{"start":{"line":103,"column":8},"end":{"line":103,"column":8}},{"start":{"line":103,"column":8},"end":{"line":103,"column":8}}]},"9":{"line":106,"type":"if","locations":[{"start":{"line":106,"column":8},"end":{"line":106,"column":8}},{"start":{"line":106,"column":8},"end":{"line":106,"column":8}}]},"10":{"line":129,"type":"if","locations":[{"start":{"line":129,"column":8},"end":{"line":129,"column":8}},{"start":{"line":129,"column":8},"end":{"line":129,"column":8}}]},"11":{"line":130,"type":"if","locations":[{"start":{"line":130,"column":8},"end":{"line":130,"column":8}},{"start":{"line":130,"column":8},"end":{"line":130,"column":8}}]},"12":{"line":142,"type":"if","locations":[{"start":{"line":142,"column":8},"end":{"line":142,"column":8}},{"start":{"line":142,"column":8},"end":{"line":142,"column":8}}]},"13":{"line":143,"type":"if","locations":[{"start":{"line":143,"column":8},"end":{"line":143,"column":8}},{"start":{"line":143,"column":8},"end":{"line":143,"column":8}}]},"14":{"line":146,"type":"if","locations":[{"start":{"line":146,"column":8},"end":{"line":146,"column":8}},{"start":{"line":146,"column":8},"end":{"line":146,"column":8}}]},"15":{"line":155,"type":"if","locations":[{"start":{"line":155,"column":8},"end":{"line":155,"column":8}},{"start":{"line":155,"column":8},"end":{"line":155,"column":8}}]},"16":{"line":160,"type":"if","locations":[{"start":{"line":160,"column":8},"end":{"line":160,"column":8}},{"start":{"line":160,"column":8},"end":{"line":160,"column":8}}]}}},"contracts\\test\\BasicNft.sol":{"l":{"14":3,"18":8,"19":8,"20":8,"29":0,"33":0,"37":0},"path":"C:\\Users\\mishr\\OneDrive\\Desktop\\nftMarketplace\\backend\\contracts\\test\\BasicNft.sol","s":{"1":8,"2":8,"3":0,"4":0,"5":0},"b":{"1":[0,0]},"f":{"1":3,"2":8,"3":0,"4":0},"fnMap":{"1":{"name":"constructor","line":13,"loc":{"start":{"line":13,"column":4},"end":{"line":15,"column":4}}},"2":{"name":"mintNft","line":17,"loc":{"start":{"line":17,"column":4},"end":{"line":21,"column":4}}},"3":{"name":"tokenURI","line":23,"loc":{"start":{"line":23,"column":4},"end":{"line":34,"column":4}}},"4":{"name":"getTokenCounter","line":36,"loc":{"start":{"line":36,"column":4},"end":{"line":38,"column":4}}}},"statementMap":{"1":{"start":{"line":18,"column":8},"end":{"line":18,"column":44}},"2":{"start":{"line":19,"column":8},"end":{"line":19,"column":38}},"3":{"start":{"line":29,"column":8},"end":{"line":29,"column":784}},"4":{"start":{"line":33,"column":8},"end":{"line":33,"column":24}},"5":{"start":{"line":37,"column":8},"end":{"line":37,"column":29}}},"branchMap":{"1":{"line":29,"type":"if","locations":[{"start":{"line":29,"column":8},"end":{"line":29,"column":8}},{"start":{"line":29,"column":8},"end":{"line":29,"column":8}}]}}}}